
  .   ____          _            __ _ _
 /\\ / ___'_ __ _ _(_)_ __  __ _ \ \ \ \
( ( )\___ | '_ | '_| | '_ \/ _` | \ \ \ \
 \\/  ___)| |_)| | | | | || (_| |  ) ) ) )
  '  |____| .__|_| |_|_| |_\__, | / / / /
 =========|_|==============|___/=/_/_/_/
 :: Spring Boot ::                (v2.5.2)

2021-11-10 11:39:10.770  INFO 32932 --- [           main] c.s.ClientmanagerApplication             : Starting ClientmanagerApplication v0.0.1-SNAPSHOT using Java 14.0.2 on MacBook-Pro-de-Rod.local with PID 32932 (/Users/rodriguenjountsop/Documents/Intellij-Project/clientmanager/target/clientmanager-0.0.1-SNAPSHOT.jar started by rodriguenjountsop in /Users/rodriguenjountsop/Documents/Intellij-Project/clientmanager/target)
2021-11-10 11:39:10.775  INFO 32932 --- [           main] c.s.ClientmanagerApplication             : No active profile set, falling back to default profiles: default
2021-11-10 11:39:12.210  INFO 32932 --- [           main] .s.d.r.c.RepositoryConfigurationDelegate : Bootstrapping Spring Data JPA repositories in DEFAULT mode.
2021-11-10 11:39:12.334  INFO 32932 --- [           main] .s.d.r.c.RepositoryConfigurationDelegate : Finished Spring Data repository scanning in 109 ms. Found 5 JPA repository interfaces.
2021-11-10 11:39:13.451  INFO 32932 --- [           main] o.s.b.w.embedded.tomcat.TomcatWebServer  : Tomcat initialized with port(s): 8088 (http)
2021-11-10 11:39:13.476  INFO 32932 --- [           main] o.apache.catalina.core.StandardService   : Starting service [Tomcat]
2021-11-10 11:39:13.477  INFO 32932 --- [           main] org.apache.catalina.core.StandardEngine  : Starting Servlet engine: [Apache Tomcat/9.0.48]
2021-11-10 11:39:13.602  INFO 32932 --- [           main] o.a.c.c.C.[Tomcat].[localhost].[/]       : Initializing Spring embedded WebApplicationContext
2021-11-10 11:39:13.603  INFO 32932 --- [           main] w.s.c.ServletWebServerApplicationContext : Root WebApplicationContext: initialization completed in 2678 ms
2021-11-10 11:39:14.042  INFO 32932 --- [           main] o.hibernate.jpa.internal.util.LogHelper  : HHH000204: Processing PersistenceUnitInfo [name: default]
2021-11-10 11:39:14.180  INFO 32932 --- [           main] org.hibernate.Version                    : HHH000412: Hibernate ORM core version 5.4.32.Final
2021-11-10 11:39:14.444  INFO 32932 --- [           main] o.hibernate.annotations.common.Version   : HCANN000001: Hibernate Commons Annotations {5.1.2.Final}
2021-11-10 11:39:14.734  INFO 32932 --- [           main] com.zaxxer.hikari.HikariDataSource       : HikariPool-1 - Starting...
2021-11-10 11:39:15.171  INFO 32932 --- [           main] com.zaxxer.hikari.HikariDataSource       : HikariPool-1 - Start completed.
2021-11-10 11:39:15.205  INFO 32932 --- [           main] org.hibernate.dialect.Dialect            : HHH000400: Using dialect: org.hibernate.dialect.PostgreSQLDialect
2021-11-10 11:39:16.611  INFO 32932 --- [           main] o.h.e.t.j.p.i.JtaPlatformInitiator       : HHH000490: Using JtaPlatform implementation: [org.hibernate.engine.transaction.jta.platform.internal.NoJtaPlatform]
2021-11-10 11:39:16.624  INFO 32932 --- [           main] j.LocalContainerEntityManagerFactoryBean : Initialized JPA EntityManagerFactory for persistence unit 'default'
2021-11-10 11:39:17.380  WARN 32932 --- [           main] JpaBaseConfiguration$JpaWebConfiguration : spring.jpa.open-in-view is enabled by default. Therefore, database queries may be performed during view rendering. Explicitly configure spring.jpa.open-in-view to disable this warning
2021-11-10 11:39:18.053  INFO 32932 --- [           main] o.s.b.w.embedded.tomcat.TomcatWebServer  : Tomcat started on port(s): 8088 (http) with context path ''
2021-11-10 11:39:18.074  INFO 32932 --- [           main] c.s.ClientmanagerApplication             : Started ClientmanagerApplication in 8.366 seconds (JVM running for 9.328)
2021-11-10 13:03:45.830  WARN 32932 --- [l-1 housekeeper] com.zaxxer.hikari.pool.HikariPool        : HikariPool-1 - Retrograde clock change detected (housekeeper delta=29s756ms), soft-evicting connections from pool.
2021-11-10 13:30:13.118  WARN 32932 --- [l-1 housekeeper] com.zaxxer.hikari.pool.HikariPool        : HikariPool-1 - Thread starvation or clock leap detected (housekeeper delta=7m56s903ms).
2021-11-10 13:45:42.901  WARN 32932 --- [l-1 housekeeper] com.zaxxer.hikari.pool.HikariPool        : HikariPool-1 - Retrograde clock change detected (housekeeper delta=29s716ms), soft-evicting connections from pool.
2021-11-10 14:28:10.486  WARN 32932 --- [l-1 housekeeper] com.zaxxer.hikari.pool.HikariPool        : HikariPool-1 - Thread starvation or clock leap detected (housekeeper delta=20m26s920ms).
2021-11-10 15:13:33.466  WARN 32932 --- [l-1 housekeeper] com.zaxxer.hikari.pool.HikariPool        : HikariPool-1 - Thread starvation or clock leap detected (housekeeper delta=2m52s253ms).
2021-11-10 16:17:34.159  WARN 32932 --- [l-1 housekeeper] com.zaxxer.hikari.pool.HikariPool        : HikariPool-1 - Thread starvation or clock leap detected (housekeeper delta=7m263ms).
2021-11-10 17:40:55.783  WARN 32932 --- [l-1 housekeeper] com.zaxxer.hikari.pool.HikariPool        : HikariPool-1 - Thread starvation or clock leap detected (housekeeper delta=29m19s744ms).
2021-11-10 18:01:35.188  WARN 32932 --- [l-1 housekeeper] com.zaxxer.hikari.pool.HikariPool        : HikariPool-1 - Thread starvation or clock leap detected (housekeeper delta=11m39s470ms).
2021-11-10 20:20:12.532  WARN 32932 --- [l-1 housekeeper] com.zaxxer.hikari.pool.HikariPool        : HikariPool-1 - Thread starvation or clock leap detected (housekeeper delta=2h13m5s972ms).
2021-11-10 20:27:41.277  WARN 32932 --- [l-1 housekeeper] com.zaxxer.hikari.pool.HikariPool        : HikariPool-1 - Retrograde clock change detected (housekeeper delta=28s697ms), soft-evicting connections from pool.
2021-11-10 20:30:59.670  WARN 32932 --- [l-1 housekeeper] com.zaxxer.hikari.pool.HikariPool        : HikariPool-1 - Thread starvation or clock leap detected (housekeeper delta=3m18s395ms).
2021-11-10 23:02:01.025  WARN 32932 --- [l-1 housekeeper] com.zaxxer.hikari.pool.HikariPool        : HikariPool-1 - Thread starvation or clock leap detected (housekeeper delta=2h31s169ms).
2021-11-11 01:53:33.321  WARN 32932 --- [l-1 housekeeper] com.zaxxer.hikari.pool.HikariPool        : HikariPool-1 - Thread starvation or clock leap detected (housekeeper delta=2h51m32s287ms).
2021-11-11 01:54:02.597  WARN 32932 --- [l-1 housekeeper] com.zaxxer.hikari.pool.HikariPool        : HikariPool-1 - Retrograde clock change detected (housekeeper delta=29s302ms), soft-evicting connections from pool.
2021-11-11 09:01:50.189  WARN 32932 --- [l-1 housekeeper] com.zaxxer.hikari.pool.HikariPool        : HikariPool-1 - Thread starvation or clock leap detected (housekeeper delta=7h7m47s593ms).
2021-11-11 09:02:18.164  WARN 32932 --- [l-1 housekeeper] com.zaxxer.hikari.pool.HikariPool        : HikariPool-1 - Retrograde clock change detected (housekeeper delta=27s974ms), soft-evicting connections from pool.
2021-11-11 09:10:39.097  WARN 32932 --- [l-1 housekeeper] com.zaxxer.hikari.pool.HikariPool        : HikariPool-1 - Thread starvation or clock leap detected (housekeeper delta=7m19s18ms).
2021-11-11 09:29:18.010  WARN 32932 --- [l-1 housekeeper] com.zaxxer.hikari.pool.HikariPool        : HikariPool-1 - Thread starvation or clock leap detected (housekeeper delta=6m38s846ms).
2021-11-11 10:34:15.045  WARN 32932 --- [l-1 housekeeper] com.zaxxer.hikari.pool.HikariPool        : HikariPool-1 - Thread starvation or clock leap detected (housekeeper delta=1m24s680ms).
2021-11-11 10:39:44.832  WARN 32932 --- [l-1 housekeeper] com.zaxxer.hikari.pool.HikariPool        : HikariPool-1 - Retrograde clock change detected (housekeeper delta=29s749ms), soft-evicting connections from pool.
2021-11-11 10:42:57.860  WARN 32932 --- [l-1 housekeeper] com.zaxxer.hikari.pool.HikariPool        : HikariPool-1 - Thread starvation or clock leap detected (housekeeper delta=3m13s28ms).
2021-11-11 11:30:16.253  WARN 32932 --- [l-1 housekeeper] com.zaxxer.hikari.pool.HikariPool        : HikariPool-1 - Thread starvation or clock leap detected (housekeeper delta=2m18s54ms).
2021-11-11 13:48:45.090  WARN 32932 --- [l-1 housekeeper] com.zaxxer.hikari.pool.HikariPool        : HikariPool-1 - Thread starvation or clock leap detected (housekeeper delta=8m24s864ms).
2021-11-11 14:06:48.311  WARN 32932 --- [l-1 housekeeper] com.zaxxer.hikari.pool.HikariPool        : HikariPool-1 - Retrograde clock change detected (housekeeper delta=29s777ms), soft-evicting connections from pool.
2021-11-11 22:11:13.068  WARN 32932 --- [l-1 housekeeper] com.zaxxer.hikari.pool.HikariPool        : HikariPool-1 - Thread starvation or clock leap detected (housekeeper delta=4h58m22s311ms).
2021-11-11 22:11:42.018  WARN 32932 --- [l-1 housekeeper] com.zaxxer.hikari.pool.HikariPool        : HikariPool-1 - Retrograde clock change detected (housekeeper delta=28s952ms), soft-evicting connections from pool.
2021-11-11 22:15:03.589  WARN 32932 --- [l-1 housekeeper] com.zaxxer.hikari.pool.HikariPool        : HikariPool-1 - Thread starvation or clock leap detected (housekeeper delta=2m21s551ms).
2021-11-11 23:00:14.868  WARN 32932 --- [l-1 housekeeper] com.zaxxer.hikari.pool.HikariPool        : HikariPool-1 - Thread starvation or clock leap detected (housekeeper delta=32m11s189ms).
2021-11-11 23:30:38.886  WARN 32932 --- [l-1 housekeeper] com.zaxxer.hikari.pool.HikariPool        : HikariPool-1 - Thread starvation or clock leap detected (housekeeper delta=13m23s322ms).
2021-11-12 07:09:46.828  WARN 32932 --- [l-1 housekeeper] com.zaxxer.hikari.pool.HikariPool        : HikariPool-1 - Thread starvation or clock leap detected (housekeeper delta=7h11m37s73ms).
2021-11-12 08:32:37.931  WARN 32932 --- [l-1 housekeeper] com.zaxxer.hikari.pool.HikariPool        : HikariPool-1 - Thread starvation or clock leap detected (housekeeper delta=49m20s416ms).
2021-11-12 10:45:12.348  WARN 32932 --- [l-1 housekeeper] com.zaxxer.hikari.pool.HikariPool        : HikariPool-1 - Thread starvation or clock leap detected (housekeeper delta=6m386ms).
2021-11-12 11:33:42.466  WARN 32932 --- [l-1 housekeeper] com.zaxxer.hikari.pool.HikariPool        : HikariPool-1 - Retrograde clock change detected (housekeeper delta=29s702ms), soft-evicting connections from pool.
2021-11-12 11:34:36.810  WARN 32932 --- [l-1 housekeeper] com.zaxxer.hikari.pool.HikariPool        : HikariPool-1 - Thread starvation or clock leap detected (housekeeper delta=54s344ms).
2021-11-12 11:43:17.822  WARN 32932 --- [l-1 housekeeper] com.zaxxer.hikari.pool.HikariPool        : HikariPool-1 - Thread starvation or clock leap detected (housekeeper delta=8m10s998ms).
2021-11-12 12:30:02.681  WARN 32932 --- [l-1 housekeeper] com.zaxxer.hikari.pool.HikariPool        : HikariPool-1 - Thread starvation or clock leap detected (housekeeper delta=1m43s933ms).
2021-11-12 12:34:27.645  WARN 32932 --- [l-1 housekeeper] com.zaxxer.hikari.pool.HikariPool        : HikariPool-1 - Thread starvation or clock leap detected (housekeeper delta=3m54s948ms).
2021-11-12 13:24:27.864  WARN 32932 --- [l-1 housekeeper] com.zaxxer.hikari.pool.HikariPool        : HikariPool-1 - Retrograde clock change detected (housekeeper delta=29s717ms), soft-evicting connections from pool.
2021-11-12 13:25:37.017  WARN 32932 --- [l-1 housekeeper] com.zaxxer.hikari.pool.HikariPool        : HikariPool-1 - Thread starvation or clock leap detected (housekeeper delta=1m9s152ms).
2021-11-12 13:44:15.375  WARN 32932 --- [l-1 housekeeper] com.zaxxer.hikari.pool.HikariPool        : HikariPool-1 - Thread starvation or clock leap detected (housekeeper delta=18m38s359ms).
2021-11-12 14:25:38.078  WARN 32932 --- [l-1 housekeeper] com.zaxxer.hikari.pool.HikariPool        : HikariPool-1 - Thread starvation or clock leap detected (housekeeper delta=40m52s503ms).
2021-11-12 14:27:35.220  WARN 32932 --- [l-1 housekeeper] com.zaxxer.hikari.pool.HikariPool        : HikariPool-1 - Retrograde clock change detected (housekeeper delta=27s125ms), soft-evicting connections from pool.
2021-11-12 14:48:40.328  WARN 32932 --- [l-1 housekeeper] com.zaxxer.hikari.pool.HikariPool        : HikariPool-1 - Thread starvation or clock leap detected (housekeeper delta=21m5s108ms).
2021-11-12 14:53:40.010  WARN 32932 --- [l-1 housekeeper] com.zaxxer.hikari.pool.HikariPool        : HikariPool-1 - Retrograde clock change detected (housekeeper delta=29s633ms), soft-evicting connections from pool.
2021-11-12 14:59:41.843  WARN 32932 --- [l-1 housekeeper] com.zaxxer.hikari.pool.HikariPool        : HikariPool-1 - Thread starvation or clock leap detected (housekeeper delta=2m1s152ms).
2021-11-13 10:01:35.678  WARN 32932 --- [l-1 housekeeper] com.zaxxer.hikari.pool.HikariPool        : HikariPool-1 - Thread starvation or clock leap detected (housekeeper delta=18h59m23s447ms).
2021-11-13 10:03:32.473  WARN 32932 --- [l-1 housekeeper] com.zaxxer.hikari.pool.HikariPool        : HikariPool-1 - Retrograde clock change detected (housekeeper delta=26s407ms), soft-evicting connections from pool.
2021-11-13 10:33:32.438  WARN 32932 --- [l-1 housekeeper] com.zaxxer.hikari.pool.HikariPool        : HikariPool-1 - Retrograde clock change detected (housekeeper delta=29s823ms), soft-evicting connections from pool.
2021-11-13 11:54:02.418  WARN 32932 --- [l-1 housekeeper] com.zaxxer.hikari.pool.HikariPool        : HikariPool-1 - Retrograde clock change detected (housekeeper delta=29s538ms), soft-evicting connections from pool.
2021-11-13 12:24:32.077  WARN 32932 --- [l-1 housekeeper] com.zaxxer.hikari.pool.HikariPool        : HikariPool-1 - Retrograde clock change detected (housekeeper delta=29s269ms), soft-evicting connections from pool.
2021-11-13 13:07:54.844  WARN 32932 --- [l-1 housekeeper] com.zaxxer.hikari.pool.HikariPool        : HikariPool-1 - Thread starvation or clock leap detected (housekeeper delta=26m8s948ms).
2021-11-13 13:08:24.349  WARN 32932 --- [l-1 housekeeper] com.zaxxer.hikari.pool.HikariPool        : HikariPool-1 - Retrograde clock change detected (housekeeper delta=29s504ms), soft-evicting connections from pool.
2021-11-13 17:00:32.712  WARN 32932 --- [l-1 housekeeper] com.zaxxer.hikari.pool.HikariPool        : HikariPool-1 - Thread starvation or clock leap detected (housekeeper delta=3h52m8s364ms).
2021-11-13 18:13:00.952  WARN 32932 --- [l-1 housekeeper] com.zaxxer.hikari.pool.HikariPool        : HikariPool-1 - Thread starvation or clock leap detected (housekeeper delta=1h12m28s223ms).
2021-11-13 18:13:29.935  WARN 32932 --- [l-1 housekeeper] com.zaxxer.hikari.pool.HikariPool        : HikariPool-1 - Retrograde clock change detected (housekeeper delta=29s), soft-evicting connections from pool.
2021-11-13 18:44:29.788  WARN 32932 --- [l-1 housekeeper] com.zaxxer.hikari.pool.HikariPool        : HikariPool-1 - Retrograde clock change detected (housekeeper delta=29s814ms), soft-evicting connections from pool.
2021-11-13 18:48:29.632  WARN 32932 --- [l-1 housekeeper] com.zaxxer.hikari.pool.HikariPool        : HikariPool-1 - Retrograde clock change detected (housekeeper delta=29s819ms), soft-evicting connections from pool.
2021-11-13 19:20:03.408  WARN 32932 --- [l-1 housekeeper] com.zaxxer.hikari.pool.HikariPool        : HikariPool-1 - Thread starvation or clock leap detected (housekeeper delta=31m33s776ms).
2021-11-13 19:53:38.479  WARN 32932 --- [l-1 housekeeper] com.zaxxer.hikari.pool.HikariPool        : HikariPool-1 - Thread starvation or clock leap detected (housekeeper delta=15m608ms).
2021-11-13 20:28:21.008  WARN 32932 --- [l-1 housekeeper] com.zaxxer.hikari.pool.HikariPool        : HikariPool-1 - Thread starvation or clock leap detected (housekeeper delta=16m42s445ms).
2021-11-13 20:36:16.379  WARN 32932 --- [l-1 housekeeper] com.zaxxer.hikari.pool.HikariPool        : HikariPool-1 - Thread starvation or clock leap detected (housekeeper delta=5m24s955ms).
2021-11-13 20:36:46.219  WARN 32932 --- [l-1 housekeeper] com.zaxxer.hikari.pool.HikariPool        : HikariPool-1 - Retrograde clock change detected (housekeeper delta=29s840ms), soft-evicting connections from pool.
2021-11-13 21:00:37.568  WARN 32932 --- [l-1 housekeeper] com.zaxxer.hikari.pool.HikariPool        : HikariPool-1 - Thread starvation or clock leap detected (housekeeper delta=13m51s305ms).
2021-11-13 21:01:06.441  WARN 32932 --- [l-1 housekeeper] com.zaxxer.hikari.pool.HikariPool        : HikariPool-1 - Retrograde clock change detected (housekeeper delta=28s873ms), soft-evicting connections from pool.
2021-11-14 00:01:35.651  WARN 32932 --- [l-1 housekeeper] com.zaxxer.hikari.pool.HikariPool        : HikariPool-1 - Thread starvation or clock leap detected (housekeeper delta=3h29s210ms).
2021-11-14 07:28:50.126  WARN 32932 --- [l-1 housekeeper] com.zaxxer.hikari.pool.HikariPool        : HikariPool-1 - Thread starvation or clock leap detected (housekeeper delta=7h27m14s461ms).
2021-11-14 07:44:19.922  WARN 32932 --- [l-1 housekeeper] com.zaxxer.hikari.pool.HikariPool        : HikariPool-1 - Retrograde clock change detected (housekeeper delta=29s696ms), soft-evicting connections from pool.
2021-11-14 09:14:50.615  WARN 32932 --- [l-1 housekeeper] com.zaxxer.hikari.pool.HikariPool        : HikariPool-1 - Retrograde clock change detected (housekeeper delta=29s849ms), soft-evicting connections from pool.
2021-11-14 09:59:50.287  WARN 32932 --- [l-1 housekeeper] com.zaxxer.hikari.pool.HikariPool        : HikariPool-1 - Retrograde clock change detected (housekeeper delta=29s634ms), soft-evicting connections from pool.
2021-11-14 10:57:51.471  WARN 32932 --- [l-1 housekeeper] com.zaxxer.hikari.pool.HikariPool        : HikariPool-1 - Retrograde clock change detected (housekeeper delta=29s814ms), soft-evicting connections from pool.
2021-11-14 11:11:41.088  WARN 32932 --- [l-1 housekeeper] com.zaxxer.hikari.pool.HikariPool        : HikariPool-1 - Thread starvation or clock leap detected (housekeeper delta=7m49s575ms).
2021-11-14 11:41:00.686  WARN 32932 --- [l-1 housekeeper] com.zaxxer.hikari.pool.HikariPool        : HikariPool-1 - Thread starvation or clock leap detected (housekeeper delta=2m19s445ms).
2021-11-14 11:41:30.421  WARN 32932 --- [l-1 housekeeper] com.zaxxer.hikari.pool.HikariPool        : HikariPool-1 - Retrograde clock change detected (housekeeper delta=29s736ms), soft-evicting connections from pool.
2021-11-14 12:16:34.201  WARN 32932 --- [l-1 housekeeper] com.zaxxer.hikari.pool.HikariPool        : HikariPool-1 - Thread starvation or clock leap detected (housekeeper delta=21m33s680ms).
2021-11-14 12:17:03.784  WARN 32932 --- [l-1 housekeeper] com.zaxxer.hikari.pool.HikariPool        : HikariPool-1 - Retrograde clock change detected (housekeeper delta=29s584ms), soft-evicting connections from pool.
2021-11-14 15:00:29.135  WARN 32932 --- [l-1 housekeeper] com.zaxxer.hikari.pool.HikariPool        : HikariPool-1 - Thread starvation or clock leap detected (housekeeper delta=2h43m25s350ms).
2021-11-15 02:03:32.855  WARN 32932 --- [l-1 housekeeper] com.zaxxer.hikari.pool.HikariPool        : HikariPool-1 - Thread starvation or clock leap detected (housekeeper delta=11h3m3s714ms).
2021-11-15 04:15:19.317  WARN 32932 --- [l-1 housekeeper] com.zaxxer.hikari.pool.HikariPool        : HikariPool-1 - Thread starvation or clock leap detected (housekeeper delta=2h11m46s465ms).
2021-11-15 06:33:25.124  WARN 32932 --- [l-1 housekeeper] com.zaxxer.hikari.pool.HikariPool        : HikariPool-1 - Thread starvation or clock leap detected (housekeeper delta=2h18m5s811ms).
2021-11-15 09:39:23.931  WARN 32932 --- [l-1 housekeeper] com.zaxxer.hikari.pool.HikariPool        : HikariPool-1 - Thread starvation or clock leap detected (housekeeper delta=3h5m58s807ms).
2021-11-15 09:41:29.760  WARN 32932 --- [l-1 housekeeper] com.zaxxer.hikari.pool.HikariPool        : HikariPool-1 - Thread starvation or clock leap detected (housekeeper delta=1m35s702ms).
2021-11-15 14:11:22.433  WARN 32932 --- [l-1 housekeeper] com.zaxxer.hikari.pool.HikariPool        : HikariPool-1 - Thread starvation or clock leap detected (housekeeper delta=4h9m21s918ms).
2021-11-15 15:16:20.005  WARN 32932 --- [l-1 housekeeper] com.zaxxer.hikari.pool.HikariPool        : HikariPool-1 - Thread starvation or clock leap detected (housekeeper delta=1h3m57s570ms).
2021-11-15 15:16:48.090  WARN 32932 --- [l-1 housekeeper] com.zaxxer.hikari.pool.HikariPool        : HikariPool-1 - Retrograde clock change detected (housekeeper delta=28s85ms), soft-evicting connections from pool.
2021-11-15 16:17:48.177  WARN 32932 --- [l-1 housekeeper] com.zaxxer.hikari.pool.HikariPool        : HikariPool-1 - Retrograde clock change detected (housekeeper delta=29s335ms), soft-evicting connections from pool.
2021-11-15 19:26:30.494  WARN 32932 --- [l-1 housekeeper] com.zaxxer.hikari.pool.HikariPool        : HikariPool-1 - Thread starvation or clock leap detected (housekeeper delta=36m38s589ms).
2021-11-15 19:28:58.235  WARN 32932 --- [l-1 housekeeper] com.zaxxer.hikari.pool.HikariPool        : HikariPool-1 - Retrograde clock change detected (housekeeper delta=27s665ms), soft-evicting connections from pool.
2021-11-15 20:03:55.705  INFO 32932 --- [nio-8088-exec-1] o.a.c.c.C.[Tomcat].[localhost].[/]       : Initializing Spring DispatcherServlet 'dispatcherServlet'
2021-11-15 20:03:55.707  INFO 32932 --- [nio-8088-exec-1] o.s.web.servlet.DispatcherServlet        : Initializing Servlet 'dispatcherServlet'
2021-11-15 20:03:55.734  INFO 32932 --- [nio-8088-exec-1] o.s.web.servlet.DispatcherServlet        : Completed initialization in 27 ms
Hibernate: select utilisateu0_.id as id1_4_, utilisateu0_.email as email2_4_, utilisateu0_.first_name as first_na3_4_, utilisateu0_.last_name as last_nam4_4_, utilisateu0_.login as login5_4_, utilisateu0_.password as password6_4_, utilisateu0_.role_id as role_id7_4_ from utilisateur utilisateu0_ where utilisateu0_.email=? and utilisateu0_.password=?
2021-11-15 20:39:46.687  WARN 32932 --- [l-1 housekeeper] com.zaxxer.hikari.pool.HikariPool        : HikariPool-1 - Thread starvation or clock leap detected (housekeeper delta=15m46s714ms).
2021-11-15 20:49:06.944  WARN 32932 --- [l-1 housekeeper] com.zaxxer.hikari.pool.HikariPool        : HikariPool-1 - Thread starvation or clock leap detected (housekeeper delta=2m20s213ms).
2021-11-15 20:49:35.872  WARN 32932 --- [l-1 housekeeper] com.zaxxer.hikari.pool.HikariPool        : HikariPool-1 - Retrograde clock change detected (housekeeper delta=28s928ms), soft-evicting connections from pool.
2021-11-15 20:56:09.744  WARN 32932 --- [l-1 housekeeper] com.zaxxer.hikari.pool.HikariPool        : HikariPool-1 - Thread starvation or clock leap detected (housekeeper delta=2m1s530ms).
2021-11-15 21:09:58.309  WARN 32932 --- [l-1 housekeeper] com.zaxxer.hikari.pool.HikariPool        : HikariPool-1 - Thread starvation or clock leap detected (housekeeper delta=13m48s565ms).
2021-11-15 21:17:23.007  WARN 32932 --- [l-1 housekeeper] com.zaxxer.hikari.pool.HikariPool        : HikariPool-1 - Thread starvation or clock leap detected (housekeeper delta=5m22s403ms).
2021-11-15 21:22:59.754  WARN 32932 --- [l-1 housekeeper] com.zaxxer.hikari.pool.HikariPool        : HikariPool-1 - Thread starvation or clock leap detected (housekeeper delta=3m3s140ms).
2021-11-16 01:25:22.829  WARN 32932 --- [l-1 housekeeper] com.zaxxer.hikari.pool.HikariPool        : HikariPool-1 - Thread starvation or clock leap detected (housekeeper delta=3h34m21s205ms).
2021-11-16 02:01:04.722  WARN 32932 --- [l-1 housekeeper] com.zaxxer.hikari.pool.HikariPool        : HikariPool-1 - Thread starvation or clock leap detected (housekeeper delta=35m9s370ms).
2021-11-16 02:23:48.936  WARN 32932 --- [l-1 housekeeper] com.zaxxer.hikari.pool.HikariPool        : HikariPool-1 - Thread starvation or clock leap detected (housekeeper delta=21m14s198ms).
2021-11-16 06:33:10.310  WARN 32932 --- [l-1 housekeeper] com.zaxxer.hikari.pool.HikariPool        : HikariPool-1 - Thread starvation or clock leap detected (housekeeper delta=4h9m21s374ms).
2021-11-16 06:33:39.326  WARN 32932 --- [l-1 housekeeper] com.zaxxer.hikari.pool.HikariPool        : HikariPool-1 - Retrograde clock change detected (housekeeper delta=29s16ms), soft-evicting connections from pool.
2021-11-16 07:03:39.542  WARN 32932 --- [l-1 housekeeper] com.zaxxer.hikari.pool.HikariPool        : HikariPool-1 - Retrograde clock change detected (housekeeper delta=29s871ms), soft-evicting connections from pool.
2021-11-16 08:01:15.937  WARN 32932 --- [l-1 housekeeper] com.zaxxer.hikari.pool.HikariPool        : HikariPool-1 - Thread starvation or clock leap detected (housekeeper delta=19m35s847ms).
2021-11-16 08:43:27.060  WARN 32932 --- [l-1 housekeeper] com.zaxxer.hikari.pool.HikariPool        : HikariPool-1 - Thread starvation or clock leap detected (housekeeper delta=42m11s122ms).
2021-11-16 08:55:33.452  WARN 32932 --- [l-1 housekeeper] com.zaxxer.hikari.pool.HikariPool        : HikariPool-1 - Thread starvation or clock leap detected (housekeeper delta=11m36s140ms).
2021-11-16 09:14:31.006  WARN 32932 --- [l-1 housekeeper] com.zaxxer.hikari.pool.HikariPool        : HikariPool-1 - Thread starvation or clock leap detected (housekeeper delta=17m57s550ms).
2021-11-16 11:00:02.075  WARN 32932 --- [l-1 housekeeper] com.zaxxer.hikari.pool.HikariPool        : HikariPool-1 - Retrograde clock change detected (housekeeper delta=29s830ms), soft-evicting connections from pool.
2021-11-16 11:11:30.745  WARN 32932 --- [l-1 housekeeper] com.zaxxer.hikari.pool.HikariPool        : HikariPool-1 - Thread starvation or clock leap detected (housekeeper delta=2m28s564ms).
2021-11-16 11:51:00.158  WARN 32932 --- [l-1 housekeeper] com.zaxxer.hikari.pool.HikariPool        : HikariPool-1 - Thread starvation or clock leap detected (housekeeper delta=19m26s593ms).
2021-11-16 11:51:29.166  WARN 32932 --- [l-1 housekeeper] com.zaxxer.hikari.pool.HikariPool        : HikariPool-1 - Retrograde clock change detected (housekeeper delta=29s8ms), soft-evicting connections from pool.
2021-11-16 12:00:32.488  WARN 32932 --- [l-1 housekeeper] com.zaxxer.hikari.pool.HikariPool        : HikariPool-1 - Thread starvation or clock leap detected (housekeeper delta=4m2s444ms).
2021-11-16 13:58:39.028  WARN 32932 --- [l-1 housekeeper] com.zaxxer.hikari.pool.HikariPool        : HikariPool-1 - Thread starvation or clock leap detected (housekeeper delta=1h2m34s615ms).
2021-11-16 13:59:36.286  WARN 32932 --- [l-1 housekeeper] com.zaxxer.hikari.pool.HikariPool        : HikariPool-1 - Retrograde clock change detected (housekeeper delta=27s247ms), soft-evicting connections from pool.
2021-11-16 15:43:58.871  WARN 32932 --- [l-1 housekeeper] com.zaxxer.hikari.pool.HikariPool        : HikariPool-1 - Thread starvation or clock leap detected (housekeeper delta=6m20s999ms).
2021-11-16 15:50:10.632  WARN 32932 --- [l-1 housekeeper] com.zaxxer.hikari.pool.HikariPool        : HikariPool-1 - Thread starvation or clock leap detected (housekeeper delta=6m11s761ms).
2021-11-16 16:37:41.288  WARN 32932 --- [l-1 housekeeper] com.zaxxer.hikari.pool.HikariPool        : HikariPool-1 - Retrograde clock change detected (housekeeper delta=29s788ms), soft-evicting connections from pool.
2021-11-16 16:39:09.847  WARN 32932 --- [l-1 housekeeper] com.zaxxer.hikari.pool.HikariPool        : HikariPool-1 - Retrograde clock change detected (housekeeper delta=28s417ms), soft-evicting connections from pool.
2021-11-16 16:40:08.263  WARN 32932 --- [l-1 housekeeper] com.zaxxer.hikari.pool.HikariPool        : HikariPool-1 - Thread starvation or clock leap detected (housekeeper delta=58s415ms).
2021-11-16 16:44:15.962  WARN 32932 --- [l-1 housekeeper] com.zaxxer.hikari.pool.HikariPool        : HikariPool-1 - Thread starvation or clock leap detected (housekeeper delta=4m7s700ms).
2021-11-16 18:15:54.446  WARN 32932 --- [l-1 housekeeper] com.zaxxer.hikari.pool.HikariPool        : HikariPool-1 - Thread starvation or clock leap detected (housekeeper delta=30m37s887ms).
2021-11-16 18:19:39.460  WARN 32932 --- [l-1 housekeeper] com.zaxxer.hikari.pool.HikariPool        : HikariPool-1 - Thread starvation or clock leap detected (housekeeper delta=3m15s7ms).
2021-11-16 18:44:06.096  WARN 32932 --- [l-1 housekeeper] com.zaxxer.hikari.pool.HikariPool        : HikariPool-1 - Retrograde clock change detected (housekeeper delta=26s366ms), soft-evicting connections from pool.
2021-11-17 06:30:03.842  WARN 32932 --- [l-1 housekeeper] com.zaxxer.hikari.pool.HikariPool        : HikariPool-1 - Thread starvation or clock leap detected (housekeeper delta=11h45m56s746ms).
2021-11-17 09:19:19.970  WARN 32932 --- [l-1 housekeeper] com.zaxxer.hikari.pool.HikariPool        : HikariPool-1 - Thread starvation or clock leap detected (housekeeper delta=2h49m17s129ms).
2021-11-17 11:08:58.946  WARN 32932 --- [l-1 housekeeper] com.zaxxer.hikari.pool.HikariPool        : HikariPool-1 - Thread starvation or clock leap detected (housekeeper delta=29m57s439ms).
2021-11-17 14:19:08.298  WARN 32932 --- [l-1 housekeeper] com.zaxxer.hikari.pool.HikariPool        : HikariPool-1 - Thread starvation or clock leap detected (housekeeper delta=29m35s361ms).
2021-11-17 14:19:35.881  WARN 32932 --- [l-1 housekeeper] com.zaxxer.hikari.pool.HikariPool        : HikariPool-1 - Retrograde clock change detected (housekeeper delta=27s603ms), soft-evicting connections from pool.
2021-11-17 14:29:31.315  WARN 32932 --- [l-1 housekeeper] com.zaxxer.hikari.pool.HikariPool        : HikariPool-1 - Thread starvation or clock leap detected (housekeeper delta=55s362ms).
2021-11-17 14:59:08.671  WARN 32932 --- [l-1 housekeeper] com.zaxxer.hikari.pool.HikariPool        : HikariPool-1 - Thread starvation or clock leap detected (housekeeper delta=29m7s345ms).
2021-11-17 15:32:34.721  WARN 32932 --- [l-1 housekeeper] com.zaxxer.hikari.pool.HikariPool        : HikariPool-1 - Retrograde clock change detected (housekeeper delta=25s599ms), soft-evicting connections from pool.
2021-11-17 17:11:31.250  WARN 32932 --- [l-1 housekeeper] com.zaxxer.hikari.pool.HikariPool        : HikariPool-1 - Thread starvation or clock leap detected (housekeeper delta=55s777ms).
2021-11-17 17:18:06.205  WARN 32932 --- [l-1 housekeeper] com.zaxxer.hikari.pool.HikariPool        : HikariPool-1 - Thread starvation or clock leap detected (housekeeper delta=6m4s942ms).
